<?xml version="1.0" encoding="UTF-8"?>
<!-- Generated by org.testng.reporters.JUnitXMLReporter -->
<testsuite hostname="in-madhurvk-1" ignored="0" name="Schedule Contact Test" tests="1" failures="1" timestamp="11 Jan 2020 14:46:34 GMT" time="299.821" errors="0">
  <testcase name="scheduleContact" time="298.589" classname="com.apd.inteliserve.sanity.ScheduleContact">
    <failure type="java.lang.AssertionError" message=" Schedule Contact Test Failed">
      <![CDATA[java.lang.AssertionError:  Schedule Contact Test Failed
at com.apd.inteliserve.sanity.ScheduleContact.scheduleContact(ScheduleContact.java:100)
... Removed 26 stack frames]]>
    </failure>
  </testcase> <!-- scheduleContact -->
</testsuite> <!-- Schedule Contact Test -->
